<?xml version="1.0" encoding="utf-8"?><testsuites name="pytest tests"><testsuite name="pytest" errors="0" failures="0" skipped="0" tests="4" time="3.140" timestamp="2026-07-03T19:36:01.480575+00:00" hostname="agent-env-537f90ff-21fd-4741-ba16-82186ca47ae2"><testcase classname="tests.backend_test.TestEnquiries" name="test_create_valid" time="0.391" /><testcase classname="tests.backend_test.TestHealth" name="test_root" time="0.354" /><testcase classname="tests.backend_test.TestEnquiries" name="test_create_missing_required" time="0.055" /><testcase classname="tests.backend_test.TestRates" name="test_rates_ok" time="0.800" /></testsuite></testsuites>